This is pdfTeX, Version 3.141592653-2.6-1.40.25 (TeX Live 2023) (preloaded format=latex 2025.10.2)  2 OCT 2025 14:13
entering extended mode
 restricted \write18 enabled.
 %&-line parsing enabled.
**caratula.tex
(./caratula.tex
LaTeX2e <2022-11-01> patch level 1
L3 programming layer <2023-02-22>

! LaTeX Error: \usepackage before \documentclass.

See the LaTeX manual or LaTeX Companion for explanation.
Type  H <return>  for immediate help.
 ...                                              
                                                  
l.1 \usepackage{
                graphicx}
? 
! Emergency stop.
 ...                                              
                                                  
l.1 \usepackage{
                graphicx}
\usepackage may only appear in the document preamble, i.e.,
between \documentclass and \begin{document}.

 
Here is how much of TeX's memory you used:
 17 strings out of 477137
 529 string characters out of 5813418
 1849385 words of memory out of 6000000
 20399 multiletter control sequences out of 15000+600000
 512287 words of font info for 32 fonts, out of 8000000 for 9000
 430 hyphenation exceptions out of 8191
 13i,0n,12p,65b,14s stack positions out of 10000i,1000n,20000p,200000b,200000s
No pages of output.
